1.4.2024, 12:49:44 - INFO - Server is running on port: 3030 
1.4.2024, 12:49:46 - INFO - Server is running on port: 3030 
1.4.2024, 12:50:45 - INFO - Server is running on port: 3030 
1.4.2024, 12:51:06 - DEBUG - auth.service - login with username: admin 
1.4.2024, 12:51:06 - INFO - User login:  | {"_id":"66096d35011dad07dcaa824c","username":"admin","fullname":"admin mc admin","score":0,"isAdmin":true} 
1.4.2024, 12:52:05 - INFO - Server is running on port: 3030 
1.4.2024, 12:52:48 - INFO - Server is running on port: 3030 
1.4.2024, 12:52:49 - DEBUG - Getting Cars: | {"params":{"filterBy":{"name":"","maxPrice":"Infinity","minPrice":"-Infinity"},"sort":{"by":"name","asc":"true"}}} (userId: 66096d35011dad07dcaa824c)
1.4.2024, 12:52:49 - INFO - Sample Logger Middleware (userId: 66096d35011dad07dcaa824c)
1.4.2024, 12:52:49 - INFO - Sample Logger Middleware (userId: 66096d35011dad07dcaa824c)
1.4.2024, 12:52:49 - DEBUG - Getting Cars: | {"params":{"filterBy":{"name":"","maxPrice":"Infinity","minPrice":"-Infinity"},"sort":{"by":"name","asc":"true"}}} (userId: 66096d35011dad07dcaa824c)
1.4.2024, 12:52:54 - INFO - Sample Logger Middleware (userId: 66096d35011dad07dcaa824c)
1.4.2024, 12:52:54 - DEBUG - Getting Cars: | {} (userId: 66096d35011dad07dcaa824c)
1.4.2024, 12:52:55 - INFO - Sample Logger Middleware (userId: 66096d35011dad07dcaa824c)
1.4.2024, 12:52:55 - DEBUG - Getting Cars: | {"params":{"filterBy":{"name":"","maxPrice":"Infinity","minPrice":"-Infinity"},"sort":{"by":"name","asc":"true"}}} (userId: 66096d35011dad07dcaa824c)
1.4.2024, 12:52:55 - INFO - Sample Logger Middleware (userId: 66096d35011dad07dcaa824c)
1.4.2024, 12:52:55 - DEBUG - Getting Cars: | {"params":{"filterBy":{"name":"","maxPrice":"Infinity","minPrice":"-Infinity"},"sort":{"by":"name","asc":"true"}}} (userId: 66096d35011dad07dcaa824c)
1.4.2024, 12:52:58 - INFO - Sample Logger Middleware (userId: 66096d35011dad07dcaa824c)
1.4.2024, 12:52:58 - DEBUG - Getting Cars: | {"params":{"filterBy":{"name":"","maxPrice":"Infinity","minPrice":"-Infinity"},"sort":{"by":"name","asc":"true"}}} (userId: 66096d35011dad07dcaa824c)
1.4.2024, 12:52:58 - INFO - Sample Logger Middleware (userId: 66096d35011dad07dcaa824c)
1.4.2024, 12:52:58 - DEBUG - Getting Cars: | {"params":{"filterBy":{"name":"","maxPrice":"Infinity","minPrice":"-Infinity"},"sort":{"by":"name","asc":"true"}}} (userId: 66096d35011dad07dcaa824c)
1.4.2024, 12:53:00 - INFO - Sample Logger Middleware (userId: 66096d35011dad07dcaa824c)
1.4.2024, 12:53:00 - DEBUG - Getting Cars: | {"params":{"filterBy":{"name":"","maxPrice":"Infinity","minPrice":"-Infinity"},"sort":{"by":"name","asc":"true"}}} (userId: 66096d35011dad07dcaa824c)
1.4.2024, 12:53:00 - INFO - Sample Logger Middleware (userId: 66096d35011dad07dcaa824c)
1.4.2024, 12:53:00 - DEBUG - Getting Cars: | {"params":{"filterBy":{"name":"","maxPrice":"Infinity","minPrice":"-Infinity"},"sort":{"by":"name","asc":"true"}}} (userId: 66096d35011dad07dcaa824c)
1.4.2024, 12:53:56 - INFO - Server is running on port: 3030 
1.4.2024, 12:54:00 - INFO - Server is running on port: 3030 
1.4.2024, 12:54:01 - INFO - Sample Logger Middleware (userId: 66096d35011dad07dcaa824c)
1.4.2024, 12:54:01 - DEBUG - Getting Toys | {"name":"","minPrice":"-Infinity","maxPrice":"Infinity","inStock":"","labels":""} (userId: 66096d35011dad07dcaa824c)
1.4.2024, 12:54:01 - INFO - Sample Logger Middleware (userId: 66096d35011dad07dcaa824c)
1.4.2024, 12:54:01 - DEBUG - Getting Toys | {"name":"","minPrice":"-Infinity","maxPrice":"Infinity","inStock":"","labels":""} (userId: 66096d35011dad07dcaa824c)
1.4.2024, 12:54:30 - INFO - Sample Logger Middleware (userId: 66096d35011dad07dcaa824c)
1.4.2024, 12:54:30 - DEBUG - Getting Toys | {"name":"","minPrice":"-Infinity","maxPrice":"Infinity","inStock":"","labels":""} (userId: 66096d35011dad07dcaa824c)
1.4.2024, 12:54:30 - INFO - Sample Logger Middleware (userId: 66096d35011dad07dcaa824c)
1.4.2024, 12:54:30 - DEBUG - Getting Toys | {"name":"","minPrice":"-Infinity","maxPrice":"Infinity","inStock":"","labels":""} (userId: 66096d35011dad07dcaa824c)
1.4.2024, 12:54:32 - INFO - Sample Logger Middleware (userId: 66096d35011dad07dcaa824c)
1.4.2024, 12:54:32 - DEBUG - Getting Toys | {"name":"","minPrice":"-Infinity","maxPrice":"Infinity","inStock":"","labels":""} (userId: 66096d35011dad07dcaa824c)
1.4.2024, 12:54:33 - INFO - Sample Logger Middleware (userId: 66096d35011dad07dcaa824c)
1.4.2024, 12:54:33 - DEBUG - Getting Toys | {"name":"","minPrice":"-Infinity","maxPrice":"Infinity","inStock":"","labels":""} (userId: 66096d35011dad07dcaa824c)
1.4.2024, 12:54:33 - INFO - Sample Logger Middleware (userId: 66096d35011dad07dcaa824c)
1.4.2024, 12:54:33 - DEBUG - Getting Toys | {"name":"","minPrice":"-Infinity","maxPrice":"Infinity","inStock":"","labels":""} (userId: 66096d35011dad07dcaa824c)
1.4.2024, 12:54:35 - INFO - Sample Logger Middleware (userId: 66096d35011dad07dcaa824c)
1.4.2024, 12:54:35 - DEBUG - Getting Toys | {"name":"","minPrice":"5","maxPrice":"Infinity","inStock":"","labels":""} (userId: 66096d35011dad07dcaa824c)
1.4.2024, 12:54:35 - INFO - Sample Logger Middleware (userId: 66096d35011dad07dcaa824c)
1.4.2024, 12:54:35 - DEBUG - Getting Toys | {"name":"","minPrice":"50","maxPrice":"Infinity","inStock":"","labels":""} (userId: 66096d35011dad07dcaa824c)
1.4.2024, 12:54:35 - INFO - Sample Logger Middleware (userId: 66096d35011dad07dcaa824c)
1.4.2024, 12:54:35 - DEBUG - Getting Toys | {"name":"","minPrice":"500","maxPrice":"Infinity","inStock":"","labels":""} (userId: 66096d35011dad07dcaa824c)
1.4.2024, 12:54:36 - INFO - Sample Logger Middleware (userId: 66096d35011dad07dcaa824c)
1.4.2024, 12:54:36 - DEBUG - Getting Toys | {"name":"","minPrice":"5000","maxPrice":"Infinity","inStock":"","labels":""} (userId: 66096d35011dad07dcaa824c)
1.4.2024, 12:54:38 - INFO - Sample Logger Middleware (userId: 66096d35011dad07dcaa824c)
1.4.2024, 12:54:38 - DEBUG - Getting Toys | {"name":"s","minPrice":"5000","maxPrice":"Infinity","inStock":"","labels":""} (userId: 66096d35011dad07dcaa824c)
1.4.2024, 12:54:39 - INFO - Sample Logger Middleware (userId: 66096d35011dad07dcaa824c)
1.4.2024, 12:54:39 - ERROR - Failed to get toys | TypeError: Cannot read properties of undefined (reading 'filterBy') (userId: 66096d35011dad07dcaa824c)
1.4.2024, 12:54:40 - INFO - Sample Logger Middleware (userId: 66096d35011dad07dcaa824c)
1.4.2024, 12:54:40 - DEBUG - Getting Toys | {"name":"s","minPrice":"5000","maxPrice":"Infinity","inStock":"","labels":""} (userId: 66096d35011dad07dcaa824c)
1.4.2024, 12:54:40 - INFO - Sample Logger Middleware (userId: 66096d35011dad07dcaa824c)
1.4.2024, 12:54:40 - DEBUG - Getting Toys | {"name":"s","minPrice":"5000","maxPrice":"Infinity","inStock":"","labels":""} (userId: 66096d35011dad07dcaa824c)
1.4.2024, 12:54:43 - INFO - Sample Logger Middleware (userId: 66096d35011dad07dcaa824c)
1.4.2024, 12:54:43 - DEBUG - Getting Toys | {"name":"","minPrice":"-Infinity","maxPrice":"Infinity","inStock":"","labels":""} (userId: 66096d35011dad07dcaa824c)
1.4.2024, 12:54:44 - INFO - Sample Logger Middleware (userId: 66096d35011dad07dcaa824c)
1.4.2024, 12:54:44 - DEBUG - Getting Toys | {"name":"","minPrice":"-Infinity","maxPrice":"Infinity","inStock":"","labels":""} (userId: 66096d35011dad07dcaa824c)
1.4.2024, 12:54:44 - INFO - Sample Logger Middleware (userId: 66096d35011dad07dcaa824c)
1.4.2024, 12:54:44 - ERROR - Failed to get toys | TypeError: Cannot read properties of undefined (reading 'filterBy') (userId: 66096d35011dad07dcaa824c)
1.4.2024, 12:54:45 - INFO - Sample Logger Middleware (userId: 66096d35011dad07dcaa824c)
1.4.2024, 12:54:45 - DEBUG - Getting Toys | {"name":"","minPrice":"-Infinity","maxPrice":"Infinity","inStock":"","labels":""} (userId: 66096d35011dad07dcaa824c)
1.4.2024, 12:54:45 - INFO - Sample Logger Middleware (userId: 66096d35011dad07dcaa824c)
1.4.2024, 12:54:45 - DEBUG - Getting Toys | {"name":"","minPrice":"-Infinity","maxPrice":"Infinity","inStock":"","labels":""} (userId: 66096d35011dad07dcaa824c)
1.4.2024, 12:54:48 - INFO - Sample Logger Middleware (userId: 66096d35011dad07dcaa824c)
1.4.2024, 12:54:48 - DEBUG - Getting Toys | {"name":"s","minPrice":"-Infinity","maxPrice":"Infinity","inStock":"","labels":""} (userId: 66096d35011dad07dcaa824c)
1.4.2024, 12:54:48 - INFO - Sample Logger Middleware (userId: 66096d35011dad07dcaa824c)
1.4.2024, 12:54:48 - DEBUG - Getting Toys | {"name":"ss","minPrice":"-Infinity","maxPrice":"Infinity","inStock":"","labels":""} (userId: 66096d35011dad07dcaa824c)
1.4.2024, 12:54:48 - INFO - Sample Logger Middleware (userId: 66096d35011dad07dcaa824c)
1.4.2024, 12:54:48 - ERROR - Failed to get toys | TypeError: Cannot read properties of undefined (reading 'filterBy') (userId: 66096d35011dad07dcaa824c)
1.4.2024, 12:54:50 - INFO - Sample Logger Middleware (userId: 66096d35011dad07dcaa824c)
1.4.2024, 12:54:50 - DEBUG - Getting Toys | {"name":"ss","minPrice":"-Infinity","maxPrice":"Infinity","inStock":"","labels":""} (userId: 66096d35011dad07dcaa824c)
1.4.2024, 12:54:50 - INFO - Sample Logger Middleware (userId: 66096d35011dad07dcaa824c)
1.4.2024, 12:54:50 - DEBUG - Getting Toys | {"name":"ss","minPrice":"-Infinity","maxPrice":"Infinity","inStock":"","labels":""} (userId: 66096d35011dad07dcaa824c)
1.4.2024, 13:35:44 - INFO - Sample Logger Middleware (userId: 66096d35011dad07dcaa824c)
1.4.2024, 13:35:44 - DEBUG - Getting Toys | {"name":"ss","minPrice":"-Infinity","maxPrice":"Infinity","inStock":"","labels":""} (userId: 66096d35011dad07dcaa824c)
1.4.2024, 13:35:44 - DEBUG - Getting Toys | {"name":"ss","minPrice":"-Infinity","maxPrice":"Infinity","inStock":"","labels":""} (userId: 66096d35011dad07dcaa824c)
1.4.2024, 13:35:44 - INFO - Sample Logger Middleware (userId: 66096d35011dad07dcaa824c)
1.4.2024, 13:35:45 - INFO - Sample Logger Middleware (userId: 66096d35011dad07dcaa824c)
1.4.2024, 13:35:45 - DEBUG - Getting Toys | {"name":"","minPrice":"-Infinity","maxPrice":"Infinity","inStock":"","labels":""} (userId: 66096d35011dad07dcaa824c)
1.4.2024, 13:35:45 - INFO - Sample Logger Middleware (userId: 66096d35011dad07dcaa824c)
1.4.2024, 13:35:45 - DEBUG - Getting Toys | {"name":"","minPrice":"-Infinity","maxPrice":"Infinity","inStock":"","labels":""} (userId: 66096d35011dad07dcaa824c)
1.4.2024, 13:58:57 - INFO - Sample Logger Middleware (userId: 66096d35011dad07dcaa824c)
1.4.2024, 13:58:57 - DEBUG - Getting Toys | {"name":"","minPrice":"-Infinity","maxPrice":"Infinity","inStock":"","labels":""} (userId: 66096d35011dad07dcaa824c)
1.4.2024, 13:58:57 - INFO - Sample Logger Middleware (userId: 66096d35011dad07dcaa824c)
1.4.2024, 13:58:57 - DEBUG - Getting Toys | {"name":"","minPrice":"-Infinity","maxPrice":"Infinity","inStock":"","labels":""} (userId: 66096d35011dad07dcaa824c)
1.4.2024, 13:59:34 - INFO - Sample Logger Middleware (userId: 66096d35011dad07dcaa824c)
1.4.2024, 13:59:34 - DEBUG - Getting Toys | {"name":"","minPrice":"-Infinity","maxPrice":"Infinity","inStock":"","labels":""} (userId: 66096d35011dad07dcaa824c)
1.4.2024, 13:59:34 - INFO - Sample Logger Middleware (userId: 66096d35011dad07dcaa824c)
1.4.2024, 13:59:34 - DEBUG - Getting Toys | {"name":"","minPrice":"-Infinity","maxPrice":"Infinity","inStock":"","labels":""} (userId: 66096d35011dad07dcaa824c)
1.4.2024, 13:59:37 - INFO - Sample Logger Middleware (userId: 66096d35011dad07dcaa824c)
1.4.2024, 13:59:37 - DEBUG - Getting Toys | {"name":"","minPrice":"-Infinity","maxPrice":"Infinity","inStock":"","labels":""} (userId: 66096d35011dad07dcaa824c)
1.4.2024, 13:59:37 - INFO - Sample Logger Middleware (userId: 66096d35011dad07dcaa824c)
1.4.2024, 13:59:37 - DEBUG - Getting Toys | {"name":"","minPrice":"-Infinity","maxPrice":"Infinity","inStock":"","labels":""} (userId: 66096d35011dad07dcaa824c)
1.4.2024, 14:32:38 - INFO - Sample Logger Middleware (userId: 66096d35011dad07dcaa824c)
1.4.2024, 14:32:38 - DEBUG - Getting Toys | {"name":"","minPrice":"-Infinity","maxPrice":"Infinity","inStock":"","labels":""} (userId: 66096d35011dad07dcaa824c)
1.4.2024, 14:32:39 - INFO - Sample Logger Middleware (userId: 66096d35011dad07dcaa824c)
1.4.2024, 14:32:39 - DEBUG - Getting Toys | {"name":"","minPrice":"-Infinity","maxPrice":"Infinity","inStock":"","labels":""} (userId: 66096d35011dad07dcaa824c)
1.4.2024, 14:35:37 - INFO - Sample Logger Middleware (userId: 66096d35011dad07dcaa824c)
1.4.2024, 14:35:37 - ERROR - Failed to get toys | TypeError: Cannot read properties of undefined (reading 'filterBy') (userId: 66096d35011dad07dcaa824c)
1.4.2024, 14:35:38 - INFO - Sample Logger Middleware (userId: 66096d35011dad07dcaa824c)
1.4.2024, 14:35:38 - DEBUG - Getting Toys | {"name":"","minPrice":"-Infinity","maxPrice":"Infinity","inStock":"","labels":""} (userId: 66096d35011dad07dcaa824c)
1.4.2024, 14:35:38 - INFO - Sample Logger Middleware (userId: 66096d35011dad07dcaa824c)
1.4.2024, 14:35:38 - DEBUG - Getting Toys | {"name":"","minPrice":"-Infinity","maxPrice":"Infinity","inStock":"","labels":""} (userId: 66096d35011dad07dcaa824c)
1.4.2024, 14:39:47 - INFO - Sample Logger Middleware (userId: 66096d35011dad07dcaa824c)
1.4.2024, 14:39:47 - DEBUG - Getting Toys | {"name":"","minPrice":"-Infinity","maxPrice":"Infinity","inStock":"","labels":""} (userId: 66096d35011dad07dcaa824c)
1.4.2024, 14:39:47 - INFO - Sample Logger Middleware (userId: 66096d35011dad07dcaa824c)
1.4.2024, 14:39:47 - DEBUG - Getting Toys | {"name":"","minPrice":"-Infinity","maxPrice":"Infinity","inStock":"","labels":""} (userId: 66096d35011dad07dcaa824c)
1.4.2024, 14:57:05 - INFO - Server is running on port: 3030 
1.4.2024, 14:58:52 - INFO - Server is running on port: 3030 
1.4.2024, 14:59:36 - INFO - Server is running on port: 3030 
1.4.2024, 15:00:32 - INFO - Sample Logger Middleware 
1.4.2024, 15:00:47 - INFO - Sample Logger Middleware 
1.4.2024, 15:02:51 - INFO - Server is running on port: 3030 
1.4.2024, 15:02:55 - INFO - Sample Logger Middleware 
1.4.2024, 15:03:42 - INFO - Server is running on port: 3030 
1.4.2024, 15:03:48 - INFO - Server is running on port: 3030 
1.4.2024, 15:04:34 - INFO - Sample Logger Middleware 
1.4.2024, 15:04:56 - INFO - Sample Logger Middleware 
1.4.2024, 15:04:56 - ERROR - Failed to get toys | TypeError: Cannot read properties of undefined (reading 'filterBy') 
1.4.2024, 15:05:15 - INFO - Sample Logger Middleware (userId: 66096d35011dad07dcaa824c)
1.4.2024, 15:05:15 - DEBUG - Getting Toys | {"name":"","minPrice":"-Infinity","maxPrice":"Infinity","inStock":"","labels":""} (userId: 66096d35011dad07dcaa824c)
1.4.2024, 15:05:15 - INFO - Sample Logger Middleware (userId: 66096d35011dad07dcaa824c)
1.4.2024, 15:05:15 - DEBUG - Getting Toys | {"name":"","minPrice":"-Infinity","maxPrice":"Infinity","inStock":"","labels":""} (userId: 66096d35011dad07dcaa824c)
1.4.2024, 15:05:17 - INFO - Sample Logger Middleware (userId: 66096d35011dad07dcaa824c)
1.4.2024, 15:05:17 - DEBUG - Getting Toys | {"name":"d","minPrice":"-Infinity","maxPrice":"Infinity","inStock":"","labels":""} (userId: 66096d35011dad07dcaa824c)
1.4.2024, 15:05:17 - INFO - Sample Logger Middleware (userId: 66096d35011dad07dcaa824c)
1.4.2024, 15:05:17 - DEBUG - Getting Toys | {"name":"ds","minPrice":"-Infinity","maxPrice":"Infinity","inStock":"","labels":""} (userId: 66096d35011dad07dcaa824c)
1.4.2024, 15:05:17 - INFO - Sample Logger Middleware (userId: 66096d35011dad07dcaa824c)
1.4.2024, 15:05:17 - DEBUG - Getting Toys | {"name":"dss","minPrice":"-Infinity","maxPrice":"Infinity","inStock":"","labels":""} (userId: 66096d35011dad07dcaa824c)
1.4.2024, 15:05:18 - INFO - Sample Logger Middleware (userId: 66096d35011dad07dcaa824c)
1.4.2024, 15:05:18 - DEBUG - Getting Toys | {"name":"ds","minPrice":"-Infinity","maxPrice":"Infinity","inStock":"","labels":""} (userId: 66096d35011dad07dcaa824c)
1.4.2024, 15:05:19 - INFO - Sample Logger Middleware (userId: 66096d35011dad07dcaa824c)
1.4.2024, 15:05:19 - DEBUG - Getting Toys | {"name":"d","minPrice":"-Infinity","maxPrice":"Infinity","inStock":"","labels":""} (userId: 66096d35011dad07dcaa824c)
1.4.2024, 15:05:19 - INFO - Sample Logger Middleware (userId: 66096d35011dad07dcaa824c)
1.4.2024, 15:05:19 - DEBUG - Getting Toys | {"name":"","minPrice":"-Infinity","maxPrice":"Infinity","inStock":"","labels":""} (userId: 66096d35011dad07dcaa824c)
1.4.2024, 15:05:37 - INFO - Sample Logger Middleware 
1.4.2024, 15:05:37 - ERROR - Failed to get toys | TypeError: Cannot read properties of undefined (reading 'filterBy') 
1.4.2024, 15:07:08 - INFO - Sample Logger Middleware 
1.4.2024, 15:07:08 - ERROR - Failed to get toys | TypeError: Cannot read properties of undefined (reading 'filterBy') 
1.4.2024, 15:07:23 - INFO - Sample Logger Middleware 
1.4.2024, 15:07:23 - ERROR - Failed to get toys | TypeError: Cannot read properties of undefined (reading 'filterBy') 
1.4.2024, 15:08:04 - INFO - Sample Logger Middleware 
1.4.2024, 15:08:34 - INFO - Server is running on port: 3030 
1.4.2024, 15:08:37 - INFO - Sample Logger Middleware 
1.4.2024, 15:08:51 - INFO - Server is running on port: 3030 
1.4.2024, 15:08:57 - INFO - Server is running on port: 3030 
1.4.2024, 15:08:59 - INFO - Sample Logger Middleware 
1.4.2024, 15:09:23 - INFO - Server is running on port: 3030 
1.4.2024, 15:09:24 - INFO - Sample Logger Middleware 
1.4.2024, 15:09:52 - INFO - Server is running on port: 3030 
1.4.2024, 15:09:53 - INFO - Sample Logger Middleware 
1.4.2024, 15:10:09 - INFO - Server is running on port: 3030 
1.4.2024, 15:10:10 - INFO - Sample Logger Middleware 
1.4.2024, 15:10:26 - INFO - Server is running on port: 3030 
1.4.2024, 15:10:27 - INFO - Sample Logger Middleware 
1.4.2024, 15:10:32 - INFO - Server is running on port: 3030 
1.4.2024, 15:10:41 - INFO - Server is running on port: 3030 
1.4.2024, 15:10:42 - INFO - Sample Logger Middleware 
1.4.2024, 15:10:42 - ERROR - cannot find reviews | MongoError: A pipeline stage specification object must contain exactly one field. 
1.4.2024, 15:10:42 - ERROR - Cannot get reviews | MongoError: A pipeline stage specification object must contain exactly one field. 
1.4.2024, 15:10:55 - INFO - Server is running on port: 3030 
1.4.2024, 15:11:11 - INFO - Server is running on port: 3030 
1.4.2024, 15:11:14 - INFO - Sample Logger Middleware 
1.4.2024, 15:11:14 - ERROR - cannot find reviews | MongoError: A pipeline stage specification object must contain exactly one field. 
1.4.2024, 15:11:15 - ERROR - Cannot get reviews | MongoError: A pipeline stage specification object must contain exactly one field. 
1.4.2024, 15:11:20 - INFO - Server is running on port: 3030 
1.4.2024, 15:11:21 - INFO - Sample Logger Middleware 
1.4.2024, 15:11:50 - INFO - Server is running on port: 3030 
1.4.2024, 15:11:51 - INFO - Sample Logger Middleware 
1.4.2024, 15:11:58 - INFO - Sample Logger Middleware 
1.4.2024, 15:12:03 - INFO - Server is running on port: 3030 
1.4.2024, 15:12:42 - INFO - Server is running on port: 3030 
1.4.2024, 15:12:42 - INFO - Sample Logger Middleware 
1.4.2024, 15:13:54 - INFO - Server is running on port: 3030 
1.4.2024, 15:13:56 - INFO - Sample Logger Middleware 
1.4.2024, 15:24:51 - INFO - Server is running on port: 3030 
1.4.2024, 15:24:54 - INFO - Sample Logger Middleware 
1.4.2024, 15:25:12 - INFO - Server is running on port: 3030 
1.4.2024, 15:25:13 - INFO - Sample Logger Middleware 
1.4.2024, 15:25:22 - INFO - Server is running on port: 3030 
1.4.2024, 15:25:45 - INFO - Server is running on port: 3030 
1.4.2024, 15:25:52 - INFO - Server is running on port: 3030 
1.4.2024, 15:25:52 - INFO - Sample Logger Middleware 
1.4.2024, 15:26:01 - INFO - Server is running on port: 3030 
1.4.2024, 15:28:41 - INFO - Server is running on port: 3030 
1.4.2024, 15:28:45 - INFO - Sample Logger Middleware 
1.4.2024, 15:29:21 - INFO - Server is running on port: 3030 
1.4.2024, 15:29:26 - INFO - Sample Logger Middleware 
1.4.2024, 15:29:40 - INFO - Server is running on port: 3030 
1.4.2024, 15:29:48 - INFO - Server is running on port: 3030 
1.4.2024, 15:29:50 - INFO - Sample Logger Middleware 
1.4.2024, 15:31:32 - INFO - Server is running on port: 3030 
1.4.2024, 15:32:00 - INFO - Server is running on port: 3030 
1.4.2024, 15:32:02 - INFO - Sample Logger Middleware 
1.4.2024, 15:32:28 - INFO - Server is running on port: 3030 
1.4.2024, 15:32:30 - INFO - Sample Logger Middleware 
1.4.2024, 15:32:59 - INFO - Server is running on port: 3030 
1.4.2024, 15:33:01 - INFO - Sample Logger Middleware 
1.4.2024, 15:33:01 - ERROR - cannot find reviews | TypeError: collection.toArray is not a function 
1.4.2024, 15:33:01 - ERROR - Cannot get reviews | TypeError: collection.toArray is not a function 
1.4.2024, 15:33:16 - INFO - Server is running on port: 3030 
1.4.2024, 15:33:55 - INFO - Sample Logger Middleware 
1.4.2024, 15:37:43 - INFO - Server is running on port: 3030 
1.4.2024, 15:38:04 - INFO - Sample Logger Middleware 
1.4.2024, 15:38:23 - INFO - Server is running on port: 3030 
1.4.2024, 15:38:25 - INFO - Sample Logger Middleware 
1.4.2024, 15:38:49 - INFO - Server is running on port: 3030 
1.4.2024, 15:39:39 - INFO - Server is running on port: 3030 
1.4.2024, 15:39:43 - INFO - Sample Logger Middleware 
1.4.2024, 15:39:57 - INFO - Server is running on port: 3030 
1.4.2024, 15:43:58 - INFO - Server is running on port: 3030 
1.4.2024, 15:44:06 - INFO - Sample Logger Middleware 
1.4.2024, 15:44:25 - INFO - Sample Logger Middleware 
1.4.2024, 15:44:38 - INFO - Server is running on port: 3030 
1.4.2024, 15:44:52 - INFO - Server is running on port: 3030 
1.4.2024, 15:44:55 - INFO - Sample Logger Middleware 
1.4.2024, 15:45:34 - INFO - Server is running on port: 3030 
1.4.2024, 15:45:37 - INFO - Sample Logger Middleware 
1.4.2024, 15:45:53 - INFO - Server is running on port: 3030 
1.4.2024, 15:45:57 - INFO - Sample Logger Middleware 
1.4.2024, 15:46:19 - INFO - Server is running on port: 3030 
1.4.2024, 15:46:21 - INFO - Sample Logger Middleware 
1.4.2024, 15:46:21 - ERROR - cannot find reviews | TypeError: Cannot read properties of undefined (reading '_id') 
1.4.2024, 15:46:21 - ERROR - Cannot get reviews | TypeError: Cannot read properties of undefined (reading '_id') 
1.4.2024, 15:47:18 - INFO - Server is running on port: 3030 
1.4.2024, 15:47:21 - INFO - Sample Logger Middleware 
1.4.2024, 15:47:21 - ERROR - cannot find reviews | TypeError: Cannot read properties of undefined (reading '_id') 
1.4.2024, 15:47:21 - ERROR - Cannot get reviews | TypeError: Cannot read properties of undefined (reading '_id') 
1.4.2024, 15:47:27 - INFO - Server is running on port: 3030 
1.4.2024, 15:47:37 - INFO - Server is running on port: 3030 
1.4.2024, 15:47:53 - INFO - Server is running on port: 3030 
1.4.2024, 15:47:54 - INFO - Sample Logger Middleware 
1.4.2024, 15:49:15 - INFO - Sample Logger Middleware 
1.4.2024, 15:49:27 - INFO - Server is running on port: 3030 
1.4.2024, 15:49:27 - INFO - Sample Logger Middleware 
1.4.2024, 15:51:05 - INFO - Server is running on port: 3030 
1.4.2024, 15:51:07 - INFO - Sample Logger Middleware 
1.4.2024, 15:55:19 - INFO - Server is running on port: 3030 
1.4.2024, 15:55:20 - INFO - Sample Logger Middleware 
1.4.2024, 15:56:01 - INFO - Server is running on port: 3030 
1.4.2024, 15:56:02 - INFO - Sample Logger Middleware 
1.4.2024, 15:58:31 - INFO - Sample Logger Middleware (userId: 66096d35011dad07dcaa824c)
1.4.2024, 15:58:31 - DEBUG - Getting Toys | {"name":"","minPrice":"-Infinity","maxPrice":"Infinity","inStock":"","labels":""} (userId: 66096d35011dad07dcaa824c)
1.4.2024, 15:58:31 - INFO - Sample Logger Middleware (userId: 66096d35011dad07dcaa824c)
1.4.2024, 15:58:31 - DEBUG - Getting Toys | {"name":"","minPrice":"-Infinity","maxPrice":"Infinity","inStock":"","labels":""} (userId: 66096d35011dad07dcaa824c)
1.4.2024, 15:58:54 - INFO - Sample Logger Middleware (userId: 66096d35011dad07dcaa824c)
1.4.2024, 15:58:54 - DEBUG - Getting Toys | {"name":"","minPrice":"-Infinity","maxPrice":"Infinity","inStock":"","labels":""} (userId: 66096d35011dad07dcaa824c)
1.4.2024, 15:58:54 - INFO - Sample Logger Middleware (userId: 66096d35011dad07dcaa824c)
1.4.2024, 15:58:54 - DEBUG - Getting Toys | {"name":"","minPrice":"-Infinity","maxPrice":"Infinity","inStock":"","labels":""} (userId: 66096d35011dad07dcaa824c)
1.4.2024, 15:59:34 - INFO - Sample Logger Middleware (userId: 66096d35011dad07dcaa824c)
1.4.2024, 15:59:34 - DEBUG - Getting Toys | {"name":"","minPrice":"-Infinity","maxPrice":"Infinity","inStock":"","labels":""} (userId: 66096d35011dad07dcaa824c)
1.4.2024, 15:59:34 - INFO - Sample Logger Middleware (userId: 66096d35011dad07dcaa824c)
1.4.2024, 15:59:34 - DEBUG - Getting Toys | {"name":"","minPrice":"-Infinity","maxPrice":"Infinity","inStock":"","labels":""} (userId: 66096d35011dad07dcaa824c)
1.4.2024, 15:59:47 - INFO - Sample Logger Middleware (userId: 66096d35011dad07dcaa824c)
1.4.2024, 16:00:07 - INFO - Sample Logger Middleware (userId: 66096d35011dad07dcaa824c)
1.4.2024, 16:04:31 - INFO - Sample Logger Middleware (userId: 66096d35011dad07dcaa824c)
1.4.2024, 16:04:31 - ERROR - Failed to get toys | TypeError: Cannot read properties of undefined (reading 'filterBy') (userId: 66096d35011dad07dcaa824c)
1.4.2024, 16:04:34 - INFO - Sample Logger Middleware (userId: 66096d35011dad07dcaa824c)
1.4.2024, 16:04:34 - DEBUG - Getting Toys | {"name":"","minPrice":"-Infinity","maxPrice":"Infinity","inStock":"","labels":""} (userId: 66096d35011dad07dcaa824c)
1.4.2024, 16:04:34 - INFO - Sample Logger Middleware (userId: 66096d35011dad07dcaa824c)
1.4.2024, 16:04:34 - DEBUG - Getting Toys | {"name":"","minPrice":"-Infinity","maxPrice":"Infinity","inStock":"","labels":""} (userId: 66096d35011dad07dcaa824c)
1.4.2024, 16:07:29 - INFO - Sample Logger Middleware (userId: 66096d35011dad07dcaa824c)
1.4.2024, 16:07:34 - INFO - Sample Logger Middleware (userId: 66096d35011dad07dcaa824c)
1.4.2024, 16:07:37 - INFO - Sample Logger Middleware (userId: 66096d35011dad07dcaa824c)
1.4.2024, 16:08:52 - INFO - Sample Logger Middleware (userId: 66096d35011dad07dcaa824c)
1.4.2024, 16:09:59 - INFO - Sample Logger Middleware (userId: 66096d35011dad07dcaa824c)
1.4.2024, 16:09:59 - INFO - Sample Logger Middleware (userId: 66096d35011dad07dcaa824c)
1.4.2024, 16:10:01 - INFO - Sample Logger Middleware (userId: 66096d35011dad07dcaa824c)
1.4.2024, 16:11:21 - INFO - Sample Logger Middleware (userId: 66096d35011dad07dcaa824c)
1.4.2024, 16:11:31 - INFO - Sample Logger Middleware (userId: 66096d35011dad07dcaa824c)
1.4.2024, 16:11:32 - INFO - Sample Logger Middleware (userId: 66096d35011dad07dcaa824c)
1.4.2024, 16:18:12 - INFO - Sample Logger Middleware (userId: 66096d35011dad07dcaa824c)
1.4.2024, 16:21:17 - INFO - Sample Logger Middleware (userId: 66096d35011dad07dcaa824c)
1.4.2024, 16:26:02 - INFO - Sample Logger Middleware (userId: 66096d35011dad07dcaa824c)
1.4.2024, 16:27:08 - INFO - Sample Logger Middleware (userId: 66096d35011dad07dcaa824c)
1.4.2024, 16:27:08 - DEBUG - Getting Toys | {"name":"","minPrice":"-Infinity","maxPrice":"Infinity","inStock":"","labels":""} (userId: 66096d35011dad07dcaa824c)
1.4.2024, 16:27:08 - INFO - Sample Logger Middleware (userId: 66096d35011dad07dcaa824c)
1.4.2024, 16:27:08 - DEBUG - Getting Toys | {"name":"","minPrice":"-Infinity","maxPrice":"Infinity","inStock":"","labels":""} (userId: 66096d35011dad07dcaa824c)
1.4.2024, 16:27:10 - INFO - Sample Logger Middleware (userId: 66096d35011dad07dcaa824c)
1.4.2024, 16:27:12 - INFO - Sample Logger Middleware (userId: 66096d35011dad07dcaa824c)
1.4.2024, 16:27:12 - DEBUG - Getting Toys | {"name":"","minPrice":"-Infinity","maxPrice":"Infinity","inStock":"","labels":""} (userId: 66096d35011dad07dcaa824c)
1.4.2024, 16:27:12 - INFO - Sample Logger Middleware (userId: 66096d35011dad07dcaa824c)
1.4.2024, 16:27:12 - DEBUG - Getting Toys | {"name":"","minPrice":"-Infinity","maxPrice":"Infinity","inStock":"","labels":""} (userId: 66096d35011dad07dcaa824c)
1.4.2024, 16:28:06 - INFO - Sample Logger Middleware (userId: 66096d35011dad07dcaa824c)
1.4.2024, 16:28:06 - ERROR - Failed to get toys | TypeError: Cannot read properties of undefined (reading 'filterBy') (userId: 66096d35011dad07dcaa824c)
1.4.2024, 16:28:08 - INFO - Sample Logger Middleware (userId: 66096d35011dad07dcaa824c)
1.4.2024, 16:28:08 - DEBUG - Getting Toys | {"name":"","minPrice":"-Infinity","maxPrice":"Infinity","inStock":"","labels":""} (userId: 66096d35011dad07dcaa824c)
1.4.2024, 16:28:08 - INFO - Sample Logger Middleware (userId: 66096d35011dad07dcaa824c)
1.4.2024, 16:28:08 - DEBUG - Getting Toys | {"name":"","minPrice":"-Infinity","maxPrice":"Infinity","inStock":"","labels":""} (userId: 66096d35011dad07dcaa824c)
1.4.2024, 16:28:09 - INFO - Sample Logger Middleware (userId: 66096d35011dad07dcaa824c)
1.4.2024, 20:38:15 - INFO - Server is running on port: 3030 
1.4.2024, 20:38:25 - DEBUG - auth.service - login with username: admin (userId: 66096d35011dad07dcaa824c)
1.4.2024, 20:38:25 - INFO - User login:  | {"_id":"66096d35011dad07dcaa824c","username":"admin","fullname":"admin mc admin","score":0,"isAdmin":true} (userId: 66096d35011dad07dcaa824c)
1.4.2024, 20:38:25 - INFO - Sample Logger Middleware (userId: 66096d35011dad07dcaa824c)
1.4.2024, 20:38:25 - DEBUG - Getting Toys | {"name":"","minPrice":"-Infinity","maxPrice":"Infinity","inStock":"","labels":""} (userId: 66096d35011dad07dcaa824c)
1.4.2024, 20:38:25 - INFO - Sample Logger Middleware (userId: 66096d35011dad07dcaa824c)
1.4.2024, 20:38:25 - DEBUG - Getting Toys | {"name":"","minPrice":"-Infinity","maxPrice":"Infinity","inStock":"","labels":""} (userId: 66096d35011dad07dcaa824c)
1.4.2024, 20:38:29 - INFO - Sample Logger Middleware (userId: 66096d35011dad07dcaa824c)
1.4.2024, 20:39:06 - INFO - Sample Logger Middleware (userId: 66096d35011dad07dcaa824c)
1.4.2024, 20:39:23 - INFO - Sample Logger Middleware (userId: 66096d35011dad07dcaa824c)
1.4.2024, 20:39:23 - DEBUG - Getting Toys | {"name":"","minPrice":"-Infinity","maxPrice":"Infinity","inStock":"","labels":""} (userId: 66096d35011dad07dcaa824c)
1.4.2024, 20:39:23 - INFO - Sample Logger Middleware (userId: 66096d35011dad07dcaa824c)
1.4.2024, 20:39:23 - DEBUG - Getting Toys | {"name":"","minPrice":"-Infinity","maxPrice":"Infinity","inStock":"","labels":""} (userId: 66096d35011dad07dcaa824c)
1.4.2024, 20:39:24 - INFO - Sample Logger Middleware (userId: 66096d35011dad07dcaa824c)
1.4.2024, 20:39:25 - INFO - Sample Logger Middleware (userId: 66096d35011dad07dcaa824c)
1.4.2024, 20:39:25 - DEBUG - Getting Toys | {"name":"","minPrice":"-Infinity","maxPrice":"Infinity","inStock":"","labels":""} (userId: 66096d35011dad07dcaa824c)
1.4.2024, 20:39:25 - INFO - Sample Logger Middleware (userId: 66096d35011dad07dcaa824c)
1.4.2024, 20:39:25 - DEBUG - Getting Toys | {"name":"","minPrice":"-Infinity","maxPrice":"Infinity","inStock":"","labels":""} (userId: 66096d35011dad07dcaa824c)
1.4.2024, 20:39:26 - INFO - Sample Logger Middleware (userId: 66096d35011dad07dcaa824c)
1.4.2024, 20:44:38 - INFO - Sample Logger Middleware (userId: 66096d35011dad07dcaa824c)
1.4.2024, 20:44:38 - ERROR - Failed to get toys | TypeError: Cannot read properties of undefined (reading 'filterBy') (userId: 66096d35011dad07dcaa824c)
1.4.2024, 20:44:39 - INFO - Sample Logger Middleware (userId: 66096d35011dad07dcaa824c)
1.4.2024, 20:44:39 - DEBUG - Getting Toys | {"name":"","minPrice":"-Infinity","maxPrice":"Infinity","inStock":"","labels":""} (userId: 66096d35011dad07dcaa824c)
1.4.2024, 20:44:39 - INFO - Sample Logger Middleware (userId: 66096d35011dad07dcaa824c)
1.4.2024, 20:44:39 - DEBUG - Getting Toys | {"name":"","minPrice":"-Infinity","maxPrice":"Infinity","inStock":"","labels":""} (userId: 66096d35011dad07dcaa824c)
1.4.2024, 20:46:33 - INFO - Sample Logger Middleware (userId: 66096d35011dad07dcaa824c)
1.4.2024, 20:46:47 - INFO - Sample Logger Middleware (userId: 66096d35011dad07dcaa824c)
1.4.2024, 20:46:47 - DEBUG - Getting Toys | {"name":"","minPrice":"-Infinity","maxPrice":"Infinity","inStock":"","labels":""} (userId: 66096d35011dad07dcaa824c)
1.4.2024, 20:46:47 - INFO - Sample Logger Middleware (userId: 66096d35011dad07dcaa824c)
1.4.2024, 20:46:47 - DEBUG - Getting Toys | {"name":"","minPrice":"-Infinity","maxPrice":"Infinity","inStock":"","labels":""} (userId: 66096d35011dad07dcaa824c)
1.4.2024, 20:46:49 - INFO - Sample Logger Middleware (userId: 66096d35011dad07dcaa824c)
1.4.2024, 20:46:49 - ERROR - Failed to get toys | TypeError: Cannot read properties of undefined (reading 'filterBy') (userId: 66096d35011dad07dcaa824c)
1.4.2024, 20:46:49 - INFO - Sample Logger Middleware (userId: 66096d35011dad07dcaa824c)
1.4.2024, 20:46:49 - DEBUG - Getting Toys | {"name":"","minPrice":"-Infinity","maxPrice":"Infinity","inStock":"","labels":""} (userId: 66096d35011dad07dcaa824c)
1.4.2024, 20:46:50 - INFO - Sample Logger Middleware (userId: 66096d35011dad07dcaa824c)
1.4.2024, 20:46:50 - DEBUG - Getting Toys | {"name":"","minPrice":"-Infinity","maxPrice":"Infinity","inStock":"","labels":""} (userId: 66096d35011dad07dcaa824c)
1.4.2024, 20:46:51 - INFO - Sample Logger Middleware (userId: 66096d35011dad07dcaa824c)
1.4.2024, 21:00:22 - INFO - Sample Logger Middleware (userId: 66096d35011dad07dcaa824c)
1.4.2024, 21:00:55 - INFO - Sample Logger Middleware (userId: 66096d35011dad07dcaa824c)
1.4.2024, 21:01:58 - INFO - Sample Logger Middleware (userId: 66096d35011dad07dcaa824c)
1.4.2024, 21:15:39 - INFO - Sample Logger Middleware (userId: 66096d35011dad07dcaa824c)
1.4.2024, 21:15:39 - DEBUG - Getting Toys | {"name":"","minPrice":"-Infinity","maxPrice":"Infinity","inStock":"","labels":""} (userId: 66096d35011dad07dcaa824c)
1.4.2024, 21:15:39 - INFO - Sample Logger Middleware (userId: 66096d35011dad07dcaa824c)
1.4.2024, 21:15:39 - DEBUG - Getting Toys | {"name":"","minPrice":"-Infinity","maxPrice":"Infinity","inStock":"","labels":""} (userId: 66096d35011dad07dcaa824c)
1.4.2024, 21:15:41 - INFO - Sample Logger Middleware (userId: 66096d35011dad07dcaa824c)
1.4.2024, 21:17:15 - INFO - Sample Logger Middleware (userId: 66096d35011dad07dcaa824c)
1.4.2024, 21:17:15 - DEBUG - Getting Toys | {"name":"","minPrice":"-Infinity","maxPrice":"Infinity","inStock":"","labels":""} (userId: 66096d35011dad07dcaa824c)
1.4.2024, 21:17:15 - INFO - Sample Logger Middleware (userId: 66096d35011dad07dcaa824c)
1.4.2024, 21:17:15 - DEBUG - Getting Toys | {"name":"","minPrice":"-Infinity","maxPrice":"Infinity","inStock":"","labels":""} (userId: 66096d35011dad07dcaa824c)
1.4.2024, 21:17:26 - INFO - Sample Logger Middleware (userId: 66096d35011dad07dcaa824c)
1.4.2024, 21:17:26 - ERROR - Failed to get toys | TypeError: Cannot read properties of undefined (reading 'filterBy') (userId: 66096d35011dad07dcaa824c)
1.4.2024, 21:17:28 - INFO - Sample Logger Middleware (userId: 66096d35011dad07dcaa824c)
1.4.2024, 21:17:28 - DEBUG - Getting Toys | {"name":"","minPrice":"-Infinity","maxPrice":"Infinity","inStock":"","labels":""} (userId: 66096d35011dad07dcaa824c)
1.4.2024, 21:17:28 - INFO - Sample Logger Middleware (userId: 66096d35011dad07dcaa824c)
1.4.2024, 21:17:28 - DEBUG - Getting Toys | {"name":"","minPrice":"-Infinity","maxPrice":"Infinity","inStock":"","labels":""} (userId: 66096d35011dad07dcaa824c)
1.4.2024, 21:17:29 - INFO - Sample Logger Middleware (userId: 66096d35011dad07dcaa824c)
1.4.2024, 21:17:32 - INFO - Sample Logger Middleware (userId: 66096d35011dad07dcaa824c)
1.4.2024, 21:17:32 - ERROR - Failed to get toys | TypeError: Cannot read properties of undefined (reading 'filterBy') (userId: 66096d35011dad07dcaa824c)
1.4.2024, 21:17:34 - INFO - Sample Logger Middleware (userId: 66096d35011dad07dcaa824c)
1.4.2024, 21:17:34 - DEBUG - Getting Toys | {"name":"","minPrice":"-Infinity","maxPrice":"Infinity","inStock":"","labels":""} (userId: 66096d35011dad07dcaa824c)
1.4.2024, 21:17:34 - INFO - Sample Logger Middleware (userId: 66096d35011dad07dcaa824c)
1.4.2024, 21:17:34 - DEBUG - Getting Toys | {"name":"","minPrice":"-Infinity","maxPrice":"Infinity","inStock":"","labels":""} (userId: 66096d35011dad07dcaa824c)
1.4.2024, 21:17:42 - INFO - Sample Logger Middleware (userId: 66096d35011dad07dcaa824c)
1.4.2024, 21:17:42 - ERROR - Failed to get toys | TypeError: Cannot read properties of undefined (reading 'filterBy') (userId: 66096d35011dad07dcaa824c)
1.4.2024, 21:17:43 - INFO - Sample Logger Middleware (userId: 66096d35011dad07dcaa824c)
1.4.2024, 21:17:43 - DEBUG - Getting Toys | {"name":"","minPrice":"-Infinity","maxPrice":"Infinity","inStock":"","labels":""} (userId: 66096d35011dad07dcaa824c)
1.4.2024, 21:17:44 - INFO - Sample Logger Middleware (userId: 66096d35011dad07dcaa824c)
1.4.2024, 21:17:44 - DEBUG - Getting Toys | {"name":"","minPrice":"-Infinity","maxPrice":"Infinity","inStock":"","labels":""} (userId: 66096d35011dad07dcaa824c)
1.4.2024, 21:17:45 - INFO - Sample Logger Middleware (userId: 66096d35011dad07dcaa824c)
1.4.2024, 21:17:45 - ERROR - Failed to get toys | TypeError: Cannot read properties of undefined (reading 'filterBy') (userId: 66096d35011dad07dcaa824c)
1.4.2024, 21:18:10 - INFO - Sample Logger Middleware (userId: 66096d35011dad07dcaa824c)
1.4.2024, 21:18:10 - DEBUG - Getting Toys | {"name":"","minPrice":"-Infinity","maxPrice":"Infinity","inStock":"","labels":""} (userId: 66096d35011dad07dcaa824c)
1.4.2024, 21:18:10 - INFO - Sample Logger Middleware (userId: 66096d35011dad07dcaa824c)
1.4.2024, 21:18:10 - DEBUG - Getting Toys | {"name":"","minPrice":"-Infinity","maxPrice":"Infinity","inStock":"","labels":""} (userId: 66096d35011dad07dcaa824c)
1.4.2024, 21:18:11 - INFO - Sample Logger Middleware (userId: 66096d35011dad07dcaa824c)
1.4.2024, 21:20:43 - DEBUG - Getting Toys | {"name":"","minPrice":"-Infinity","maxPrice":"Infinity","inStock":"","labels":""} (userId: 66096d35011dad07dcaa824c)
1.4.2024, 21:20:43 - INFO - Sample Logger Middleware (userId: 66096d35011dad07dcaa824c)
1.4.2024, 21:20:43 - INFO - Sample Logger Middleware (userId: 66096d35011dad07dcaa824c)
1.4.2024, 21:20:43 - DEBUG - Getting Toys | {"name":"","minPrice":"-Infinity","maxPrice":"Infinity","inStock":"","labels":""} (userId: 66096d35011dad07dcaa824c)
1.4.2024, 21:20:44 - INFO - Sample Logger Middleware (userId: 66096d35011dad07dcaa824c)
1.4.2024, 21:23:54 - INFO - Sample Logger Middleware (userId: 66096d35011dad07dcaa824c)
1.4.2024, 21:28:10 - INFO - Sample Logger Middleware (userId: 66096d35011dad07dcaa824c)
1.4.2024, 21:28:45 - DEBUG - auth.service - login with username: admin (userId: 66096d35011dad07dcaa824c)
1.4.2024, 21:28:46 - INFO - User login:  | {"_id":"66096d35011dad07dcaa824c","username":"admin","fullname":"admin mc admin","score":0,"isAdmin":true} (userId: 66096d35011dad07dcaa824c)
1.4.2024, 21:28:46 - INFO - Sample Logger Middleware (userId: 66096d35011dad07dcaa824c)
1.4.2024, 21:28:46 - DEBUG - Getting Toys | {"name":"","minPrice":"-Infinity","maxPrice":"Infinity","inStock":"","labels":""} (userId: 66096d35011dad07dcaa824c)
1.4.2024, 21:28:46 - INFO - Sample Logger Middleware (userId: 66096d35011dad07dcaa824c)
1.4.2024, 21:28:46 - DEBUG - Getting Toys | {"name":"","minPrice":"-Infinity","maxPrice":"Infinity","inStock":"","labels":""} (userId: 66096d35011dad07dcaa824c)
1.4.2024, 21:28:50 - INFO - Sample Logger Middleware (userId: 66096d35011dad07dcaa824c)
1.4.2024, 21:34:13 - INFO - Sample Logger Middleware (userId: 66096d35011dad07dcaa824c)
1.4.2024, 21:39:50 - INFO - Sample Logger Middleware (userId: 66096d35011dad07dcaa824c)
1.4.2024, 21:39:50 - DEBUG - Getting Toys | {"name":"","minPrice":"-Infinity","maxPrice":"Infinity","inStock":"","labels":""} (userId: 66096d35011dad07dcaa824c)
1.4.2024, 21:39:50 - INFO - Sample Logger Middleware (userId: 66096d35011dad07dcaa824c)
1.4.2024, 21:39:50 - DEBUG - Getting Toys | {"name":"","minPrice":"-Infinity","maxPrice":"Infinity","inStock":"","labels":""} (userId: 66096d35011dad07dcaa824c)
1.4.2024, 21:39:52 - INFO - Sample Logger Middleware (userId: 66096d35011dad07dcaa824c)
1.4.2024, 21:41:48 - INFO - Sample Logger Middleware (userId: 66096d35011dad07dcaa824c)
1.4.2024, 21:41:48 - DEBUG - Getting Toys | {"name":"","minPrice":"-Infinity","maxPrice":"Infinity","inStock":"","labels":""} (userId: 66096d35011dad07dcaa824c)
1.4.2024, 21:41:48 - DEBUG - Getting Toys | {"name":"","minPrice":"-Infinity","maxPrice":"Infinity","inStock":"","labels":""} (userId: 66096d35011dad07dcaa824c)
1.4.2024, 21:41:48 - INFO - Sample Logger Middleware (userId: 66096d35011dad07dcaa824c)
1.4.2024, 21:41:51 - INFO - Sample Logger Middleware (userId: 66096d35011dad07dcaa824c)
1.4.2024, 21:41:51 - ERROR - Failed to get toys | TypeError: Cannot read properties of undefined (reading 'filterBy') (userId: 66096d35011dad07dcaa824c)
1.4.2024, 21:41:52 - INFO - Sample Logger Middleware (userId: 66096d35011dad07dcaa824c)
1.4.2024, 21:41:52 - DEBUG - Getting Toys | {"name":"","minPrice":"-Infinity","maxPrice":"Infinity","inStock":"","labels":""} (userId: 66096d35011dad07dcaa824c)
1.4.2024, 21:41:52 - INFO - Sample Logger Middleware (userId: 66096d35011dad07dcaa824c)
1.4.2024, 21:41:52 - DEBUG - Getting Toys | {"name":"","minPrice":"-Infinity","maxPrice":"Infinity","inStock":"","labels":""} (userId: 66096d35011dad07dcaa824c)
1.4.2024, 21:42:09 - INFO - Sample Logger Middleware (userId: 66096d35011dad07dcaa824c)
1.4.2024, 21:42:09 - ERROR - Failed to get toys | TypeError: Cannot read properties of undefined (reading 'filterBy') (userId: 66096d35011dad07dcaa824c)
1.4.2024, 21:42:09 - INFO - Sample Logger Middleware (userId: 66096d35011dad07dcaa824c)
1.4.2024, 21:42:09 - DEBUG - Getting Toys | {"name":"","minPrice":"-Infinity","maxPrice":"Infinity","inStock":"","labels":""} (userId: 66096d35011dad07dcaa824c)
1.4.2024, 21:42:09 - INFO - Sample Logger Middleware (userId: 66096d35011dad07dcaa824c)
1.4.2024, 21:42:09 - DEBUG - Getting Toys | {"name":"","minPrice":"-Infinity","maxPrice":"Infinity","inStock":"","labels":""} (userId: 66096d35011dad07dcaa824c)
1.4.2024, 21:42:10 - INFO - Sample Logger Middleware (userId: 66096d35011dad07dcaa824c)
1.4.2024, 21:45:16 - INFO - Sample Logger Middleware (userId: 66096d35011dad07dcaa824c)
1.4.2024, 21:45:17 - INFO - Sample Logger Middleware (userId: 66096d35011dad07dcaa824c)
1.4.2024, 21:45:17 - DEBUG - Getting Toys | {"name":"","minPrice":"-Infinity","maxPrice":"Infinity","inStock":"","labels":""} (userId: 66096d35011dad07dcaa824c)
1.4.2024, 21:45:17 - INFO - Sample Logger Middleware (userId: 66096d35011dad07dcaa824c)
1.4.2024, 21:45:17 - DEBUG - Getting Toys | {"name":"","minPrice":"-Infinity","maxPrice":"Infinity","inStock":"","labels":""} (userId: 66096d35011dad07dcaa824c)
1.4.2024, 21:45:18 - INFO - Sample Logger Middleware (userId: 66096d35011dad07dcaa824c)
1.4.2024, 21:55:03 - INFO - Sample Logger Middleware (userId: 66096d35011dad07dcaa824c)
1.4.2024, 21:58:16 - INFO - Sample Logger Middleware (userId: 66096d35011dad07dcaa824c)
1.4.2024, 21:58:16 - DEBUG - Getting Toys | {"name":"","minPrice":"-Infinity","maxPrice":"Infinity","inStock":"","labels":""} (userId: 66096d35011dad07dcaa824c)
1.4.2024, 21:58:16 - INFO - Sample Logger Middleware (userId: 66096d35011dad07dcaa824c)
1.4.2024, 21:58:16 - DEBUG - Getting Toys | {"name":"","minPrice":"-Infinity","maxPrice":"Infinity","inStock":"","labels":""} (userId: 66096d35011dad07dcaa824c)
1.4.2024, 21:58:34 - INFO - Sample Logger Middleware (userId: 66096d35011dad07dcaa824c)
1.4.2024, 22:01:51 - INFO - Sample Logger Middleware (userId: 66096d35011dad07dcaa824c)
1.4.2024, 22:01:51 - DEBUG - Getting Toys | {"name":"","minPrice":"-Infinity","maxPrice":"Infinity","inStock":"","labels":""} (userId: 66096d35011dad07dcaa824c)
1.4.2024, 22:01:51 - INFO - Sample Logger Middleware (userId: 66096d35011dad07dcaa824c)
1.4.2024, 22:01:51 - DEBUG - Getting Toys | {"name":"","minPrice":"-Infinity","maxPrice":"Infinity","inStock":"","labels":""} (userId: 66096d35011dad07dcaa824c)
1.4.2024, 22:01:53 - INFO - Sample Logger Middleware (userId: 66096d35011dad07dcaa824c)
1.4.2024, 22:05:04 - INFO - Sample Logger Middleware (userId: 66096d35011dad07dcaa824c)
1.4.2024, 22:05:04 - DEBUG - Getting Toys | {"name":"","minPrice":"-Infinity","maxPrice":"Infinity","inStock":"","labels":""} (userId: 66096d35011dad07dcaa824c)
1.4.2024, 22:05:04 - INFO - Sample Logger Middleware (userId: 66096d35011dad07dcaa824c)
1.4.2024, 22:05:04 - DEBUG - Getting Toys | {"name":"","minPrice":"-Infinity","maxPrice":"Infinity","inStock":"","labels":""} (userId: 66096d35011dad07dcaa824c)
1.4.2024, 22:05:10 - INFO - Sample Logger Middleware (userId: 66096d35011dad07dcaa824c)
1.4.2024, 22:05:10 - ERROR - Failed to get toys | TypeError: Cannot read properties of undefined (reading 'filterBy') (userId: 66096d35011dad07dcaa824c)
1.4.2024, 22:05:11 - INFO - Sample Logger Middleware (userId: 66096d35011dad07dcaa824c)
1.4.2024, 22:05:11 - DEBUG - Getting Toys | {"name":"","minPrice":"-Infinity","maxPrice":"Infinity","inStock":"","labels":""} (userId: 66096d35011dad07dcaa824c)
1.4.2024, 22:05:11 - INFO - Sample Logger Middleware (userId: 66096d35011dad07dcaa824c)
1.4.2024, 22:05:11 - DEBUG - Getting Toys | {"name":"","minPrice":"-Infinity","maxPrice":"Infinity","inStock":"","labels":""} (userId: 66096d35011dad07dcaa824c)
1.4.2024, 22:05:13 - INFO - Sample Logger Middleware (userId: 66096d35011dad07dcaa824c)
1.4.2024, 22:07:17 - INFO - Sample Logger Middleware (userId: 66096d35011dad07dcaa824c)
1.4.2024, 22:07:17 - DEBUG - Getting Toys | {"name":"","minPrice":"-Infinity","maxPrice":"Infinity","inStock":"","labels":""} (userId: 66096d35011dad07dcaa824c)
1.4.2024, 22:07:17 - INFO - Sample Logger Middleware (userId: 66096d35011dad07dcaa824c)
1.4.2024, 22:07:17 - DEBUG - Getting Toys | {"name":"","minPrice":"-Infinity","maxPrice":"Infinity","inStock":"","labels":""} (userId: 66096d35011dad07dcaa824c)
1.4.2024, 22:07:39 - INFO - Sample Logger Middleware (userId: 66096d35011dad07dcaa824c)
1.4.2024, 22:10:06 - INFO - Sample Logger Middleware (userId: 66096d35011dad07dcaa824c)
1.4.2024, 22:10:06 - ERROR - Failed to get toys | TypeError: Cannot read properties of undefined (reading 'filterBy') (userId: 66096d35011dad07dcaa824c)
1.4.2024, 22:10:37 - INFO - Sample Logger Middleware (userId: 66096d35011dad07dcaa824c)
1.4.2024, 22:10:37 - DEBUG - Getting Toys | {"name":"","minPrice":"-Infinity","maxPrice":"Infinity","inStock":"","labels":""} (userId: 66096d35011dad07dcaa824c)
1.4.2024, 22:10:37 - INFO - Sample Logger Middleware (userId: 66096d35011dad07dcaa824c)
1.4.2024, 22:10:37 - DEBUG - Getting Toys | {"name":"","minPrice":"-Infinity","maxPrice":"Infinity","inStock":"","labels":""} (userId: 66096d35011dad07dcaa824c)
1.4.2024, 22:10:39 - INFO - Sample Logger Middleware (userId: 66096d35011dad07dcaa824c)
1.4.2024, 22:10:39 - ERROR - Failed to get toys | TypeError: Cannot read properties of undefined (reading 'filterBy') (userId: 66096d35011dad07dcaa824c)
1.4.2024, 22:10:40 - INFO - Sample Logger Middleware (userId: 66096d35011dad07dcaa824c)
1.4.2024, 22:10:40 - DEBUG - Getting Toys | {"name":"","minPrice":"-Infinity","maxPrice":"Infinity","inStock":"","labels":""} (userId: 66096d35011dad07dcaa824c)
1.4.2024, 22:10:40 - INFO - Sample Logger Middleware (userId: 66096d35011dad07dcaa824c)
1.4.2024, 22:10:40 - DEBUG - Getting Toys | {"name":"","minPrice":"-Infinity","maxPrice":"Infinity","inStock":"","labels":""} (userId: 66096d35011dad07dcaa824c)
1.4.2024, 22:10:42 - INFO - Sample Logger Middleware (userId: 66096d35011dad07dcaa824c)
1.4.2024, 22:11:15 - INFO - Sample Logger Middleware (userId: 66096d35011dad07dcaa824c)
1.4.2024, 22:11:15 - ERROR - Failed to get toys | TypeError: Cannot read properties of undefined (reading 'filterBy') (userId: 66096d35011dad07dcaa824c)
1.4.2024, 22:11:17 - INFO - Sample Logger Middleware (userId: 66096d35011dad07dcaa824c)
1.4.2024, 22:11:17 - DEBUG - Getting Toys | {"name":"","minPrice":"-Infinity","maxPrice":"Infinity","inStock":"","labels":""} (userId: 66096d35011dad07dcaa824c)
1.4.2024, 22:11:17 - INFO - Sample Logger Middleware (userId: 66096d35011dad07dcaa824c)
1.4.2024, 22:11:17 - DEBUG - Getting Toys | {"name":"","minPrice":"-Infinity","maxPrice":"Infinity","inStock":"","labels":""} (userId: 66096d35011dad07dcaa824c)
1.4.2024, 22:11:25 - INFO - Sample Logger Middleware (userId: 66096d35011dad07dcaa824c)
1.4.2024, 22:11:25 - ERROR - Failed to get toys | TypeError: Cannot read properties of undefined (reading 'filterBy') (userId: 66096d35011dad07dcaa824c)
1.4.2024, 22:11:26 - INFO - Sample Logger Middleware (userId: 66096d35011dad07dcaa824c)
1.4.2024, 22:11:26 - DEBUG - Getting Toys | {"name":"","minPrice":"-Infinity","maxPrice":"Infinity","inStock":"","labels":""} (userId: 66096d35011dad07dcaa824c)
1.4.2024, 22:11:26 - INFO - Sample Logger Middleware (userId: 66096d35011dad07dcaa824c)
1.4.2024, 22:11:26 - DEBUG - Getting Toys | {"name":"","minPrice":"-Infinity","maxPrice":"Infinity","inStock":"","labels":""} (userId: 66096d35011dad07dcaa824c)
1.4.2024, 22:11:27 - INFO - Sample Logger Middleware (userId: 66096d35011dad07dcaa824c)
1.4.2024, 22:11:55 - INFO - Server is running on port: 3030 
